SF:lib/global/api/api_client.dart
DA:5,0
DA:6,0
LF:2
LH:0
end_of_record
SF:lib/global/custom_exception.dart
DA:9,1
DA:18,3
DA:19,3
LF:3
LH:3
end_of_record
SF:lib/src/data/datasources/api/movies_api.dart
DA:8,0
DA:10,0
DA:13,0
DA:15,0
DA:16,0
DA:17,0
DA:19,0
DA:20,0
DA:22,0
DA:27,0
DA:29,0
DA:30,0
DA:31,0
DA:32,0
DA:33,0
DA:34,0
DA:36,0
DA:37,0
DA:39,0
DA:44,0
DA:46,0
DA:47,0
DA:48,0
DA:49,0
DA:50,0
DA:51,0
DA:53,0
DA:54,0
DA:56,0
LF:29
LH:0
end_of_record
SF:lib/src/data/repositories_impl/movie_repository_impl.dart
DA:11,1
DA:12,3
DA:15,1
DA:17,2
DA:19,1
DA:21,1
DA:24,1
DA:26,1
DA:31,1
DA:33,2
DA:35,1
DA:37,1
DA:40,1
DA:42,1
DA:47,1
DA:49,2
DA:51,1
DA:52,2
DA:53,2
DA:57,1
DA:60,1
DA:62,1
LF:22
LH:22
end_of_record
SF:lib/src/domain/models/casting_movie.dart
DA:5,1
DA:7,2
DA:8,1
DA:9,1
DA:12,0
DA:13,0
LF:6
LH:4
end_of_record
SF:lib/src/domain/models/pagination_movies.dart
DA:8,1
DA:14,1
DA:15,1
DA:16,1
DA:17,1
DA:18,1
DA:19,2
DA:20,0
LF:8
LH:7
end_of_record
SF:lib/global/api/custom_interceptors_api.dart
DA:4,0
DA:6,0
DA:7,0
DA:10,0
DA:12,0
DA:13,0
DA:14,0
DA:17,0
DA:19,0
DA:20,0
DA:21,0
LF:11
LH:0
end_of_record
SF:lib/src/domain/models/movie.dart
DA:10,0
DA:20,0
DA:21,0
DA:22,0
DA:23,0
DA:24,0
DA:25,0
DA:26,0
DA:27,0
DA:30,0
DA:31,0
DA:34,0
DA:35,0
LF:13
LH:0
end_of_record
